<?xml version="1.0" encoding="UTF-8" ?>
<testsuite tests="2" failures="1" name="com.first.lib.AppTest" time="0.01" errors="0" skipped="0">
  <properties>
[...]
</properties>
  <testcase classname="com.first.lib.AppTest" name="testApp" time="0.01">
    <failure type="junit.framework.AssertionFailedError">junit.framework.AssertionFailedError
	at junit.framework.Assert.fail(Assert.java:47)
	at junit.framework.Assert.assertTrue(Assert.java:20)
	at junit.framework.Assert.assertNull(Assert.java:233)
	at junit.framework.Assert.assertNull(Assert.java:226)
	at com.first.lib.AppTest.testApp(AppTest.java:23)
</failure>
  </testcase>
  <testcase classname="com.first.lib.AppTest" name="testLib" time="0"/>
</testsuite>